0 info it worked if it ends with ok
1 verbose cli [ 'C:\\Program Files\\nodejs\\node.exe',
1 verbose cli   'C:\\Users\\Lula\\AppData\\Roaming\\npm\\node_modules\\npm\\bin\\npm-cli.js',
1 verbose cli   'run',
1 verbose cli   'dev' ]
2 info using npm@3.10.3
3 info using node@v6.2.1
4 verbose run-script [ 'predev', 'dev', 'postdev' ]
5 info lifecycle time-travel-vacation@0.0.1~predev: time-travel-vacation@0.0.1
6 silly lifecycle time-travel-vacation@0.0.1~predev: no script for predev, continuing
7 info lifecycle time-travel-vacation@0.0.1~dev: time-travel-vacation@0.0.1
8 verbose lifecycle time-travel-vacation@0.0.1~dev: unsafe-perm in lifecycle true
9 verbose lifecycle time-travel-vacation@0.0.1~dev: PATH: C:\Users\Lula\AppData\Roaming\npm\node_modules\npm\bin\node-gyp-bin;C:\Users\Lula\Documents\GitHub\vacation-chooser-app\node_modules\.bin;C:\Program Files\nodejs;C:\ProgramData\Oracle\Java\javapath;C:\Program Files (x86)\Intel\iCLS Client\;C:\Program Files\Intel\iCLS Client\;C:\WINDOWS\system32;C:\WINDOWS;C:\WINDOWS\System32\Wbem;C:\WINDOWS\System32\WindowsPowerShell\v1.0\;C:\Program Files\Intel\Intel(R) Management Engine Components\DAL;C:\Program Files (x86)\Intel\Intel(R) Management Engine Components\DAL;C:\Program Files\Intel\Intel(R) Management Engine Components\IPT;C:\Program Files (x86)\Intel\Intel(R) Management Engine Components\IPT;C:\Program Files\Intel\WiFi\bin\;C:\Program Files\Common Files\Intel\WirelessCommon\;C:\Program Files (x86)\Skype\Phone\;C:\Program Files\nodejs\;C:\Program Files (x86)\Heroku\bin;C:\Ruby22-x64\bin;C:\Users\Lula\AppData\Local\Programs\Git\cmd;C:\Users\Lula\.babun;C:\Users\Lula\AppData\Roaming\npm
10 verbose lifecycle time-travel-vacation@0.0.1~dev: CWD: C:\Users\Lula\Documents\GitHub\vacation-chooser-app
11 silly lifecycle time-travel-vacation@0.0.1~dev: Args: [ '/d /s /c', 'tsc && concurrently "npm start" "gulp"' ]
12 silly lifecycle time-travel-vacation@0.0.1~dev: Returned: code: 2  signal: null
13 info lifecycle time-travel-vacation@0.0.1~dev: Failed to exec dev script
14 verbose stack Error: time-travel-vacation@0.0.1 dev: `tsc && concurrently "npm start" "gulp"`
14 verbose stack Exit status 2
14 verbose stack     at EventEmitter.<anonymous> (C:\Users\Lula\AppData\Roaming\npm\node_modules\npm\lib\utils\lifecycle.js:242:16)
14 verbose stack     at emitTwo (events.js:106:13)
14 verbose stack     at EventEmitter.emit (events.js:191:7)
14 verbose stack     at ChildProcess.<anonymous> (C:\Users\Lula\AppData\Roaming\npm\node_modules\npm\lib\utils\spawn.js:40:14)
14 verbose stack     at emitTwo (events.js:106:13)
14 verbose stack     at ChildProcess.emit (events.js:191:7)
14 verbose stack     at maybeClose (internal/child_process.js:852:16)
14 verbose stack     at Process.ChildProcess._handle.onexit (internal/child_process.js:215:5)
15 verbose pkgid time-travel-vacation@0.0.1
16 verbose cwd C:\Users\Lula\Documents\GitHub\vacation-chooser-app\server
17 error Windows_NT 10.0.10586
18 error argv "C:\\Program Files\\nodejs\\node.exe" "C:\\Users\\Lula\\AppData\\Roaming\\npm\\node_modules\\npm\\bin\\npm-cli.js" "run" "dev"
19 error node v6.2.1
20 error npm  v3.10.3
21 error code ELIFECYCLE
22 error time-travel-vacation@0.0.1 dev: `tsc && concurrently "npm start" "gulp"`
22 error Exit status 2
23 error Failed at the time-travel-vacation@0.0.1 dev script 'tsc && concurrently "npm start" "gulp"'.
23 error Make sure you have the latest version of node.js and npm installed.
23 error If you do, this is most likely a problem with the time-travel-vacation package,
23 error not with npm itself.
23 error Tell the author that this fails on your system:
23 error     tsc && concurrently "npm start" "gulp"
23 error You can get information on how to open an issue for this project with:
23 error     npm bugs time-travel-vacation
23 error Or if that isn't available, you can get their info via:
23 error     npm owner ls time-travel-vacation
23 error There is likely additional logging output above.
24 verbose exit [ 1, true ]
